<?xml version="1.0" encoding="UTF-8"?>
<!-- Generated by org.testng.reporters.JUnitReportReporter -->
<testsuite hostname="Mehedi" failures="0" tests="1" name="com.mehedi.action_select.ActionSelect" time="52.298" errors="0" timestamp="2025-03-07T04:02:56 BDT" skipped="0">
  <testcase classname="com.mehedi.action_select.ActionSelect" name="action_Select" time="52.298"/>
</testsuite> <!-- com.mehedi.action_select.ActionSelect -->
