<?xml version="1.0" encoding="UTF-8"?>
<!-- Generated by org.testng.reporters.JUnitReportReporter -->
<testsuite hostname="Mehedi" failures="0" tests="1" name="com.navigation.web.NavigationWeb" time="17.758" errors="0" timestamp="2025-03-06T17:09:09 BDT" skipped="0">
  <testcase classname="com.navigation.web.NavigationWeb" name="WebNavigationExa" time="17.758"/>
</testsuite> <!-- com.navigation.web.NavigationWeb -->
