<?xml version="1.0" encoding="UTF-8"?>
<!-- Generated by org.testng.reporters.JUnitReportReporter -->
<testsuite hostname="Mehedi" failures="0" tests="1" name="com.mehedi.locators.LocateByName" time="3.223" errors="0" timestamp="2025-03-06T03:38:56 BDT" skipped="0">
  <testcase classname="com.mehedi.locators.LocateByName" name="locateByName" time="3.223"/>
</testsuite> <!-- com.mehedi.locators.LocateByName -->
