<?xml version="1.0" encoding="UTF-8"?>
<!-- Generated by org.testng.reporters.JUnitReportReporter -->
<testsuite hostname="Mehedi" failures="0" tests="3" name="com.mehedi.scrollhandling.scrolldown" time="9.592" errors="0" timestamp="2025-03-20T14:35:13 BDT" skipped="0">
  <testcase classname="com.mehedi.scrollhandling.scrolldown" name="scrolldwon" time="3.526"/>
  <testcase classname="com.mehedi.scrollhandling.scrolldown" name="scrollup" time="3.023"/>
  <testcase classname="com.mehedi.scrollhandling.scrolldown" name="scrollspecific" time="3.043"/>
</testsuite> <!-- com.mehedi.scrollhandling.scrolldown -->
