<?xml version="1.0" encoding="UTF-8"?>
<!-- Generated by org.testng.reporters.JUnitReportReporter -->
<testsuite hostname="Mehedi" failures="0" tests="1" name="com.mehedi.alerts.AlertsExample" time="10.167" errors="0" timestamp="2025-03-07T03:13:47 BDT" skipped="0">
  <testcase classname="com.mehedi.alerts.AlertsExample" name="alertExa4" time="10.167"/>
</testsuite> <!-- com.mehedi.alerts.AlertsExample -->
