<?xml version="1.0" encoding="UTF-8"?>
<!-- Generated by org.testng.reporters.JUnitReportReporter -->
<testsuite hostname="Mehedi" failures="0" tests="1" name="com.mehedi.KeyBoardEvent.KayBoardEvent" time="12.513" errors="0" timestamp="2025-03-22T11:02:19 BDT" skipped="0">
  <testcase classname="com.mehedi.KeyBoardEvent.KayBoardEvent" name="copyPaste" time="12.513"/>
</testsuite> <!-- com.mehedi.KeyBoardEvent.KayBoardEvent -->
