<?xml version="1.0" encoding="UTF-8"?>
<!-- Generated by org.testng.reporters.JUnitReportReporter -->
<testsuite hostname="Mehedi" failures="0" tests="1" name="com.mehedi.xPath.X_path" time="3.213" errors="0" timestamp="2025-03-06T15:45:15 BDT" skipped="0">
  <testcase classname="com.mehedi.xPath.X_path" name="x_path" time="3.213"/>
</testsuite> <!-- com.mehedi.xPath.X_path -->
