<?xml version="1.0" encoding="UTF-8"?>
<!-- Generated by org.testng.reporters.JUnitReportReporter -->
<testsuite hostname="Mehedi" failures="0" tests="1" name="com.mehedi.xPath.getAttribute" time="3.064" errors="0" timestamp="2025-03-06T16:46:18 BDT" skipped="0">
  <testcase classname="com.mehedi.xPath.getAttribute" name="x_path" time="3.064"/>
</testsuite> <!-- com.mehedi.xPath.getAttribute -->
