<?xml version="1.0" encoding="UTF-8"?>
<!-- Generated by org.testng.reporters.JUnitReportReporter -->
<testsuite hostname="Mehedi" failures="0" tests="1" name="com.mehedi.locators.LocateById" time="4.846" errors="0" timestamp="2025-03-06T03:25:07 BDT" skipped="0">
  <testcase classname="com.mehedi.locators.LocateById" name="locateById" time="4.846"/>
</testsuite> <!-- com.mehedi.locators.LocateById -->
