<?xml version="1.0" encoding="UTF-8"?>
<!-- Generated by org.testng.reporters.JUnitReportReporter -->
<testsuite hostname="Mehedi" failures="0" tests="1" name="com.mehedi.SelectText.selectText" time="4.351" errors="0" timestamp="2025-03-22T13:25:57 BDT" skipped="0">
  <testcase classname="com.mehedi.SelectText.selectText" name="select_Text" time="4.351"/>
</testsuite> <!-- com.mehedi.SelectText.selectText -->
