<?xml version="1.0" encoding="UTF-8"?>
<!-- Generated by org.testng.reporters.JUnitReportReporter -->
<testsuite hostname="Mehedi" failures="0" tests="1" name="com.mehedi.xPath.X_path_Example2" time="3.304" errors="0" timestamp="2025-03-06T16:27:16 BDT" skipped="0">
  <testcase classname="com.mehedi.xPath.X_path_Example2" name="x_path" time="3.304"/>
</testsuite> <!-- com.mehedi.xPath.X_path_Example2 -->
