<?xml version="1.0" encoding="UTF-8"?>
<!-- Generated by org.testng.reporters.JUnitReportReporter -->
<testsuite hostname="Mehedi" failures="0" tests="1" name="com.mehedi.xPath.clearExample" time="9.511" errors="0" timestamp="2025-03-06T16:08:19 BDT" skipped="0">
  <testcase classname="com.mehedi.xPath.clearExample" name="clear" time="9.511"/>
</testsuite> <!-- com.mehedi.xPath.clearExample -->
